Compilación iniciada a las 08/03/2016 10:01:36 a.m..
     1>Proyecto "C:\Users\vic\Documents\Visual Studio 2013\Projects\Instrucciones\Instrucciones\Instrucciones.vcxproj" en el nodo 2 (Build destinos).
     1>Link:
         C:\Program Files (x86)\Microsoft Visual Studio 12.0\VC\bin\x86_amd64\link.exe /ERRORREPORT:PROMPT /OUT:"C:\Users\vic\Documents\Visual Studio 2013\Projects\Instrucciones\x64\Debug\Instrucciones.exe" /INCREMENTAL /NOLOGO kernel32.lib user32.lib gdi32.lib winspool.lib comdlg32.lib advapi32.lib shell32.lib ole32.lib oleaut32.lib uuid.lib odbc32.lib odbccp32.lib /MANIFEST /MANIFESTUAC:"level='asInvoker' uiAccess='false'" /manifest:embed /DEBUG /PDB:"C:\Users\vic\Documents\Visual Studio 2013\Projects\Instrucciones\x64\Debug\Instrucciones.pdb" /TLBID:1 /DYNAMICBASE /NXCOMPAT /IMPLIB:"C:\Users\vic\Documents\Visual Studio 2013\Projects\Instrucciones\x64\Debug\Instrucciones.lib" /MACHINE:X64 x64\Debug\Main.obj
     1>Main.obj : error LNK2019: símbolo externo TestFunction sin resolver al que se hace referencia en la función main
     1>C:\Users\vic\Documents\Visual Studio 2013\Projects\Instrucciones\x64\Debug\Instrucciones.exe : fatal error LNK1120: 1 externos sin resolver
     1>Compilación del proyecto terminada "C:\Users\vic\Documents\Visual Studio 2013\Projects\Instrucciones\Instrucciones\Instrucciones.vcxproj" (Build destinos) -- ERROR.

ERROR al compilar.

Tiempo transcurrido 00:00:00.17
