Compilación iniciada a las 03/03/2016 02:20:17 a.m..
     1>Proyecto "c:\Users\vic\documents\visual studio 2013\Projects\Instrucciones\Instrucciones\Instrucciones.vcxproj" en el nodo 2 (Build destinos).
     1>ClCompile:
         C:\Program Files (x86)\Microsoft Visual Studio 12.0\VC\bin\x86_amd64\CL.exe /c /Zi /nologo /W3 /WX- /sdl /Od /D _MBCS /Gm /EHsc /RTC1 /MDd /GS /fp:precise /Zc:wchar_t /Zc:forScope /Fo"x64\Debug\\" /Fd"x64\Debug\vc120.pdb" /Gd /TP /errorReport:prompt Main.cpp
         Main.cpp
       Link:
         C:\Program Files (x86)\Microsoft Visual Studio 12.0\VC\bin\x86_amd64\link.exe /ERRORREPORT:PROMPT /OUT:"c:\users\vic\documents\visual studio 2013\Projects\Instrucciones\x64\Debug\Instrucciones.exe" /INCREMENTAL /NOLOGO kernel32.lib user32.lib gdi32.lib winspool.lib comdlg32.lib advapi32.lib shell32.lib ole32.lib oleaut32.lib uuid.lib odbc32.lib odbccp32.lib /MANIFEST /MANIFESTUAC:"level='asInvoker' uiAccess='false'" /manifest:embed /DEBUG /PDB:"c:\users\vic\documents\visual studio 2013\Projects\Instrucciones\x64\Debug\Instrucciones.pdb" /TLBID:1 /DYNAMICBASE /NXCOMPAT /IMPLIB:"c:\users\vic\documents\visual studio 2013\Projects\Instrucciones\x64\Debug\Instrucciones.lib" /MACHINE:X64 x64\Debug\Main.obj
     1>Main.obj : error LNK2019: símbolo externo TestFunction sin resolver al que se hace referencia en la función main
     1>c:\users\vic\documents\visual studio 2013\Projects\Instrucciones\x64\Debug\Instrucciones.exe : fatal error LNK1120: 1 externos sin resolver
     1>Compilación del proyecto terminada "c:\Users\vic\documents\visual studio 2013\Projects\Instrucciones\Instrucciones\Instrucciones.vcxproj" (Build destinos) -- ERROR.

ERROR al compilar.

Tiempo transcurrido 00:00:01.82
